<?xml version="1.0" encoding="UTF-8"?>
<testsuite name="CanonicalJson" tests="7" skipped="0" failures="0" errors="0" timestamp="2026-02-27T07:11:39" hostname="Valerios-MacBook-Pro-2.local" time="0.009">
  <properties/>
  <testcase name="integers not floats" classname="com.airstrings.sdk.CanonicalJsonTest" time="0.0"/>
  <testcase name="contract example produces exact output" classname="com.airstrings.sdk.CanonicalJsonTest" time="0.001"/>
  <testcase name="string escaping" classname="com.airstrings.sdk.CanonicalJsonTest" time="0.0"/>
  <testcase name="keys sorted alphabetically" classname="com.airstrings.sdk.CanonicalJsonTest" time="0.0"/>
  <testcase name="empty strings object" classname="com.airstrings.sdk.CanonicalJsonTest" time="0.001"/>
  <testcase name="no whitespace" classname="com.airstrings.sdk.CanonicalJsonTest" time="0.0"/>
  <testcase name="control character escaping" classname="com.airstrings.sdk.CanonicalJsonTest" time="0.001"/>
  <system-out><![CDATA[]]></system-out>
  <system-err><![CDATA[]]></system-err>
</testsuite>
