<?xml version="1.0" encoding="UTF-8"?>
<testsuite name="AirStrings" tests="5" skipped="0" failures="0" errors="0" timestamp="2026-02-27T07:12:07" hostname="Valerios-MacBook-Pro-2.local" time="0.138">
  <properties/>
  <testcase name="subscript returns fallback when no strings" classname="com.airstrings.sdk.AirStringsTest" time="0.131"/>
  <testcase name="initial state" classname="com.airstrings.sdk.AirStringsTest" time="0.004"/>
  <testcase name="fixed locale resolution" classname="com.airstrings.sdk.AirStringsTest" time="0.001"/>
  <testcase name="initial strings map is empty" classname="com.airstrings.sdk.AirStringsTest" time="0.0"/>
  <testcase name="initial revision is zero" classname="com.airstrings.sdk.AirStringsTest" time="0.0"/>
  <system-out><![CDATA[]]></system-out>
  <system-err><![CDATA[]]></system-err>
</testsuite>
